C51 COMPILER V9.60.0.0   MAIN                                                              11/09/2020 11:26:37 PAGE 1   


C51 COMPILER V9.60.0.0, COMPILATION OF MODULE MAIN
OBJECT MODULE PLACED IN .\Objects\main.obj
COMPILER INVOKED BY: C:\Keil_v5_c51\C51\BIN\C51.EXE User\main.c OPTIMIZE(8,SPEED) BROWSE DEBUG OBJECTEXTEND PRINT(.\List
                    -ings\main.lst) TABS(2) OBJECT(.\Objects\main.obj)

line level    source

   1          #include <STC15F2K60S2.H>
   2          #include "MPU9250.h"
   3          #include "TypeDefine.h"
   4          #include "Bluetooth.h"
   5          #include <stdio.h>
   6          #ifdef DEBUG_
              char BT_Buf[7];
              void Delay500ms();    //@20.000MHz
              void Uint16ToString(uint16_t res);
              #endif
  11          //
  12          uint8_t DataBuffer[24] = {0xa5, 
  13                                          0x00, 0x00, 0x00, //asa 1 2 3 
  14                                          0x00, 0x00, 0x00, 0x00, 0x00, 0x00, //acc 4-5 6-7 8-9 
  15                                          0x00, 0x00, 0x00, 0x00, 0x00, 0x00, //gyro 10-11 12-13 14-15
  16                                          0x00, 0x00, 0x00, 0x00, 0x00, 0x00, //mag 16-17 18-19 20-21
  17                                    0x00, 0x5a};  //crc 22
  18          void BT_SendAxisData();
  19          void main()
  20          {
  21   1      #ifdef DEBUG_
                BT_Buf[5] = ' ';
                BT_Buf[6] = 0;
              #endif
  25   1        Bluetooth_Init();
  26   1        MPU_Init();
  27   1        while(1)
  28   1        {
  29   2          MPU_Read6Axis();
  30   2          MPU_ReadMag();
  31   2          BT_SendAxisData();
  32   2        }
  33   1      }
  34          
  35          #ifdef DEBUG_
              void Delay500ms()   //@20.000MHz
              {
                unsigned char i, j, k;
                i = 38;
                j = 0;
                k = 118;
                do
                {
                  do
                  {
                    while (--k);
                  } while (--j);
                } while (--i);
              }
              
              void Uint16ToString(uint16_t res){
                BT_Buf[0] = res/10000 + '0';
                BT_Buf[1] = (res%10000)/1000 + '0';
                BT_Buf[2] = (res%1000)/100 + '0';
C51 COMPILER V9.60.0.0   MAIN                                                              11/09/2020 11:26:37 PAGE 2   

                BT_Buf[3] = (res%100)/10 + '0';
                BT_Buf[4] = (res%10) + '0';
              }
              #endif
  59          uint8_t CRC(){
  60   1        uint8_t i = 1;
  61   1        uint8_t res = 0;
  62   1        while (i<22){
  63   2          res += DataBuffer[i++];
  64   2        }
  65   1        return res;
  66   1      }
  67          void BT_SendAxisData(){
  68   1      #ifdef DEBUG_
                Uint16ToString(accelX);
                Bluetooth_SendString(BT_Buf);
                Uint16ToString(accelY);
                Bluetooth_SendString(BT_Buf);
                Uint16ToString(accelZ);
                Bluetooth_SendString(BT_Buf);
                Uint16ToString(gyroX);
                Bluetooth_SendString(BT_Buf);
                Uint16ToString(gyroY);
                Bluetooth_SendString(BT_Buf);
                Uint16ToString(gyroZ);
                Bluetooth_SendString(BT_Buf);
                Uint16ToString(magX);
                Bluetooth_SendString(BT_Buf);
                Uint16ToString(magY);
                Bluetooth_SendString(BT_Buf);
                Uint16ToString(magZ);
                Bluetooth_SendString(BT_Buf);
                Uint16ToString(ASAX);
                Bluetooth_SendString(BT_Buf);
                Uint16ToString(ASAY);
                Bluetooth_SendString(BT_Buf);
                Uint16ToString(ASAZ);
                Bluetooth_SendString(BT_Buf);
                Bluetooth_SendString("\r\n"); 
              #else
  95   1        DataBuffer[1] = ASAX;
  96   1        DataBuffer[2] = ASAY;
  97   1        DataBuffer[3] = ASAZ;
  98   1        DataBuffer[4] = accelX&0xff;
  99   1        DataBuffer[5] = (accelX>>8)&0xff;
 100   1        DataBuffer[6] = accelY&0xff;
 101   1        DataBuffer[7] = (accelY>>8)&0xff;
 102   1        DataBuffer[8] = accelZ&0xff;
 103   1        DataBuffer[9] = (accelZ>>8)&0xff;
 104   1        DataBuffer[10] = gyroX&0xff;
 105   1        DataBuffer[11] = (gyroX>>8)&0xff;
 106   1        DataBuffer[12] = gyroY&0xff;
 107   1        DataBuffer[13] = (gyroY>>8)&0xff;
 108   1        DataBuffer[14] = gyroZ&0xff;
 109   1        DataBuffer[15] = (gyroZ>>8)&0xff;
 110   1        DataBuffer[16] = magX&0xff;
 111   1        DataBuffer[17] = (magX>>8)&0xff;
 112   1        DataBuffer[18] = magY&0xff;
 113   1        DataBuffer[19] = (magY>>8)&0xff;
 114   1        DataBuffer[20] = magZ&0xff;(
 115   1        DataBuffer[21] = magZ>>8)&0xff;
*** WARNING C275 IN LINE 115 OF User\main.c: expression with possibly no effect
C51 COMPILER V9.60.0.0   MAIN                                                              11/09/2020 11:26:37 PAGE 3   

 116   1        DataBuffer[22] = CRC();
 117   1        Bluetooth_SendBuffer(DataBuffer, 24);
 118   1      #endif
 119   1      }


MODULE INFORMATION:   STATIC OVERLAYABLE
   CODE SIZE        =    143    ----
   CONSTANT SIZE    =   ----    ----
   XDATA SIZE       =   ----    ----
   PDATA SIZE       =   ----    ----
   DATA SIZE        =     24    ----
   IDATA SIZE       =   ----    ----
   BIT SIZE         =   ----    ----
END OF MODULE INFORMATION.


C51 COMPILATION COMPLETE.  1 WARNING(S),  0 ERROR(S)
